<?xml version="1.0" encoding="UTF-8"?>
<!-- Generated by org.testng.reporters.JUnitReportReporter -->
<testsuite hostname="DarshanVA05" failures="0" tests="1" name="amazon_test.SearchBarTest" time="28.835" errors="0" timestamp="2024-07-14T14:26:32 IST" skipped="0">
  <testcase classname="amazon_test.SearchBarTest" name="search_bar_test" time="28.835"/>
  <system-out/>
</testsuite> <!-- amazon_test.SearchBarTest -->
