<?xml version="1.0" encoding="UTF-8"?>
<!-- Generated by org.testng.reporters.JUnitReportReporter -->
<testsuite hostname="DarshanVA05" failures="0" tests="1" name="amazon_test.LoginTest" time="17.538" errors="0" timestamp="2024-07-14T14:26:32 IST" skipped="0">
  <testcase classname="amazon_test.LoginTest" name="login_test" time="17.538"/>
  <system-out/>
</testsuite> <!-- amazon_test.LoginTest -->
