<?xml version="1.0" encoding="UTF-8"?>
<!-- Generated by org.testng.reporters.JUnitReportReporter -->
<testsuite hostname="DarshanVA05" failures="0" tests="1" name="amazon_test.ForgotPassword" time="15.906" errors="0" timestamp="2024-07-14T14:26:32 IST" skipped="0">
  <testcase classname="amazon_test.ForgotPassword" name="forgot_password" time="15.906"/>
  <system-out/>
</testsuite> <!-- amazon_test.ForgotPassword -->
